mode: atomic
github.com/bobguo/mysql-compare/stat/globalstat.go:14.13,56.2 37 1
github.com/bobguo/mysql-compare/stat/globalstat.go:63.63,67.14 4 14
github.com/bobguo/mysql-compare/stat/globalstat.go:68.23,69.22 1 2
github.com/bobguo/mysql-compare/stat/globalstat.go:74.43,75.22 1 2
github.com/bobguo/mysql-compare/stat/globalstat.go:80.43,81.22 1 2
github.com/bobguo/mysql-compare/stat/globalstat.go:86.43,87.22 1 2
github.com/bobguo/mysql-compare/stat/globalstat.go:92.43,93.22 1 2
github.com/bobguo/mysql-compare/stat/globalstat.go:98.44,99.22 1 2
github.com/bobguo/mysql-compare/stat/globalstat.go:104.10,105.22 1 2
github.com/bobguo/mysql-compare/stat/globalstat.go:69.22,71.4 1 1
github.com/bobguo/mysql-compare/stat/globalstat.go:71.9,73.4 1 1
github.com/bobguo/mysql-compare/stat/globalstat.go:75.22,77.4 1 1
github.com/bobguo/mysql-compare/stat/globalstat.go:77.9,79.4 1 1
github.com/bobguo/mysql-compare/stat/globalstat.go:81.22,83.4 1 1
github.com/bobguo/mysql-compare/stat/globalstat.go:83.9,85.4 1 1
github.com/bobguo/mysql-compare/stat/globalstat.go:87.22,89.4 1 1
github.com/bobguo/mysql-compare/stat/globalstat.go:89.9,91.4 1 1
github.com/bobguo/mysql-compare/stat/globalstat.go:93.22,95.4 1 1
github.com/bobguo/mysql-compare/stat/globalstat.go:95.9,97.4 1 1
github.com/bobguo/mysql-compare/stat/globalstat.go:99.22,101.4 1 1
github.com/bobguo/mysql-compare/stat/globalstat.go:101.9,103.4 1 1
github.com/bobguo/mysql-compare/stat/globalstat.go:105.22,107.4 1 1
github.com/bobguo/mysql-compare/stat/globalstat.go:107.9,109.4 1 1
github.com/bobguo/mysql-compare/stat/globalstat.go:113.56,117.8 4 2
github.com/bobguo/mysql-compare/stat/globalstat.go:117.8,119.3 1 1
github.com/bobguo/mysql-compare/stat/globalstat.go:119.8,121.3 1 1
github.com/bobguo/mysql-compare/stat/globalstat.go:124.59,127.22 3 1
github.com/bobguo/mysql-compare/stat/globalstat.go:127.22,129.9 2 2
github.com/bobguo/mysql-compare/stat/globalstat.go:129.9,131.4 1 1
github.com/bobguo/mysql-compare/stat/globalstat.go:131.9,133.4 1 1
github.com/bobguo/mysql-compare/stat/globalstat.go:137.68,140.27 3 1
github.com/bobguo/mysql-compare/stat/globalstat.go:140.27,142.9 2 2
github.com/bobguo/mysql-compare/stat/globalstat.go:142.9,144.4 1 1
github.com/bobguo/mysql-compare/stat/globalstat.go:144.9,146.4 1 1
github.com/bobguo/mysql-compare/stat/globalstat.go:150.75,153.6 3 1
github.com/bobguo/mysql-compare/stat/globalstat.go:153.6,154.10 1 3
github.com/bobguo/mysql-compare/stat/globalstat.go:155.19,156.27 1 1
github.com/bobguo/mysql-compare/stat/globalstat.go:157.21,159.10 2 1
github.com/bobguo/mysql-compare/stat/globalstat.go:160.11,161.37 1 1
github.com/bobguo/mysql-compare/stat/globalstat.go:166.50,198.2 29 2
github.com/bobguo/mysql-compare/stat/globalstat.go:200.39,246.32 40 2
github.com/bobguo/mysql-compare/stat/globalstat.go:251.2,255.32 5 2
github.com/bobguo/mysql-compare/stat/globalstat.go:260.2,297.8 34 2
github.com/bobguo/mysql-compare/stat/globalstat.go:246.32,248.3 1 2
github.com/bobguo/mysql-compare/stat/globalstat.go:248.8,250.3 1 0
github.com/bobguo/mysql-compare/stat/globalstat.go:255.32,257.3 1 0
github.com/bobguo/mysql-compare/stat/globalstat.go:257.8,259.3 1 2
github.com/bobguo/mysql-compare/stat/sqlstat.go:74.12,77.2 2 1
github.com/bobguo/mysql-compare/stat/sqlstat.go:84.117,87.34 3 3
github.com/bobguo/mysql-compare/stat/sqlstat.go:143.2,144.8 2 3
github.com/bobguo/mysql-compare/stat/sqlstat.go:87.34,89.23 2 2
github.com/bobguo/mysql-compare/stat/sqlstat.go:107.3,107.13 1 2
github.com/bobguo/mysql-compare/stat/sqlstat.go:89.23,90.48 1 2
github.com/bobguo/mysql-compare/stat/sqlstat.go:90.48,104.10 14 2
github.com/bobguo/mysql-compare/stat/sqlstat.go:107.13,123.4 3 0
github.com/bobguo/mysql-compare/stat/sqlstat.go:124.8,142.3 5 1
github.com/bobguo/mysql-compare/stat/sqlstat.go:148.47,151.16 2 3
github.com/bobguo/mysql-compare/stat/sqlstat.go:151.16,153.3 1 1
github.com/bobguo/mysql-compare/stat/sqlstat.go:153.8,155.3 1 2
github.com/bobguo/mysql-compare/stat/sqlstat.go:159.38,163.31 3 2
github.com/bobguo/mysql-compare/stat/sqlstat.go:172.2,172.12 1 1
github.com/bobguo/mysql-compare/stat/sqlstat.go:163.31,164.24 1 2
github.com/bobguo/mysql-compare/stat/sqlstat.go:164.24,166.18 2 2
github.com/bobguo/mysql-compare/stat/sqlstat.go:169.4,169.17 1 1
github.com/bobguo/mysql-compare/stat/sqlstat.go:166.18,168.5 1 1
