mode: atomic
github.com/bobguo/mysql-compare/compare/result.go:42.70,51.2 4 6
github.com/bobguo/mysql-compare/compare/result.go:53.42,69.2 15 1
github.com/bobguo/mysql-compare/compare/result.go:71.57,75.15 2 3
github.com/bobguo/mysql-compare/compare/result.go:82.2,85.33 3 3
github.com/bobguo/mysql-compare/compare/result.go:89.2,89.19 1 2
github.com/bobguo/mysql-compare/compare/result.go:94.2,100.17 4 1
github.com/bobguo/mysql-compare/compare/result.go:105.2,105.30 1 0
github.com/bobguo/mysql-compare/compare/result.go:75.15,76.35 1 3
github.com/bobguo/mysql-compare/compare/result.go:76.35,79.4 1 0
github.com/bobguo/mysql-compare/compare/result.go:85.33,88.3 2 1
github.com/bobguo/mysql-compare/compare/result.go:89.19,92.3 2 1
github.com/bobguo/mysql-compare/compare/result.go:100.17,103.3 2 1
github.com/bobguo/mysql-compare/compare/result.go:109.58,111.16 2 2
github.com/bobguo/mysql-compare/compare/result.go:115.2,115.12 1 1
github.com/bobguo/mysql-compare/compare/result.go:111.16,114.3 2 1
github.com/bobguo/mysql-compare/compare/result.go:128.56,129.70 1 9
github.com/bobguo/mysql-compare/compare/result.go:143.2,143.13 1 4
github.com/bobguo/mysql-compare/compare/result.go:129.70,131.17 2 6
github.com/bobguo/mysql-compare/compare/result.go:136.3,136.24 1 5
github.com/bobguo/mysql-compare/compare/result.go:131.17,135.4 2 1
github.com/bobguo/mysql-compare/compare/result.go:136.24,139.4 2 1
github.com/bobguo/mysql-compare/compare/result.go:140.8,142.3 1 3
github.com/bobguo/mysql-compare/compare/result.go:146.52,160.35 9 4
github.com/bobguo/mysql-compare/compare/result.go:165.2,169.35 3 4
github.com/bobguo/mysql-compare/compare/result.go:174.2,182.23 6 4
github.com/bobguo/mysql-compare/compare/result.go:188.2,188.23 1 4
github.com/bobguo/mysql-compare/compare/result.go:195.2,195.37 1 4
github.com/bobguo/mysql-compare/compare/result.go:199.2,204.34 3 2
github.com/bobguo/mysql-compare/compare/result.go:232.2,232.42 1 1
github.com/bobguo/mysql-compare/compare/result.go:247.2,248.9 2 0
github.com/bobguo/mysql-compare/compare/result.go:257.2,262.12 3 0
github.com/bobguo/mysql-compare/compare/result.go:160.35,162.3 1 3
github.com/bobguo/mysql-compare/compare/result.go:162.8,164.3 1 1
github.com/bobguo/mysql-compare/compare/result.go:169.35,171.3 1 3
github.com/bobguo/mysql-compare/compare/result.go:171.8,173.3 1 1
github.com/bobguo/mysql-compare/compare/result.go:182.23,184.3 1 2
github.com/bobguo/mysql-compare/compare/result.go:184.8,186.3 1 2
github.com/bobguo/mysql-compare/compare/result.go:188.23,190.3 1 2
github.com/bobguo/mysql-compare/compare/result.go:190.8,192.3 1 2
github.com/bobguo/mysql-compare/compare/result.go:195.37,197.3 1 2
github.com/bobguo/mysql-compare/compare/result.go:204.34,210.3 5 1
github.com/bobguo/mysql-compare/compare/result.go:232.42,240.3 7 1
github.com/bobguo/mysql-compare/compare/result.go:240.8,240.34 1 0
github.com/bobguo/mysql-compare/compare/result.go:240.34,244.3 3 0
github.com/bobguo/mysql-compare/compare/result.go:248.9,256.3 7 0
github.com/bobguo/mysql-compare/compare/result.go:265.68,268.35 2 7
github.com/bobguo/mysql-compare/compare/result.go:273.2,273.35 1 7
github.com/bobguo/mysql-compare/compare/result.go:278.2,278.51 1 7
github.com/bobguo/mysql-compare/compare/result.go:283.2,283.21 1 7
github.com/bobguo/mysql-compare/compare/result.go:292.2,296.13 3 7
github.com/bobguo/mysql-compare/compare/result.go:300.2,301.51 2 6
github.com/bobguo/mysql-compare/compare/result.go:268.35,270.3 1 6
github.com/bobguo/mysql-compare/compare/result.go:270.8,272.3 1 1
github.com/bobguo/mysql-compare/compare/result.go:273.35,275.3 1 6
github.com/bobguo/mysql-compare/compare/result.go:275.8,277.3 1 1
github.com/bobguo/mysql-compare/compare/result.go:278.51,280.3 1 2
github.com/bobguo/mysql-compare/compare/result.go:280.8,282.3 1 5
github.com/bobguo/mysql-compare/compare/result.go:284.10,285.21 1 4
github.com/bobguo/mysql-compare/compare/result.go:286.9,287.24 1 2
github.com/bobguo/mysql-compare/compare/result.go:288.9,289.25 1 1
github.com/bobguo/mysql-compare/compare/result.go:296.13,299.3 2 1
github.com/bobguo/mysql-compare/compare/result.go:305.76,306.36 1 9
github.com/bobguo/mysql-compare/compare/result.go:309.2,310.92 2 7
github.com/bobguo/mysql-compare/compare/result.go:320.2,320.21 1 7
github.com/bobguo/mysql-compare/compare/result.go:323.2,323.92 1 7
github.com/bobguo/mysql-compare/compare/result.go:333.2,333.21 1 7
github.com/bobguo/mysql-compare/compare/result.go:336.2,336.92 1 7
github.com/bobguo/mysql-compare/compare/result.go:346.2,346.21 1 7
github.com/bobguo/mysql-compare/compare/result.go:306.36,308.3 1 2
github.com/bobguo/mysql-compare/compare/result.go:310.92,311.34 1 2
github.com/bobguo/mysql-compare/compare/result.go:315.3,315.40 1 2
github.com/bobguo/mysql-compare/compare/result.go:311.34,314.4 1 1
github.com/bobguo/mysql-compare/compare/result.go:315.40,318.4 1 1
github.com/bobguo/mysql-compare/compare/result.go:320.21,322.3 1 2
github.com/bobguo/mysql-compare/compare/result.go:323.92,324.34 1 2
github.com/bobguo/mysql-compare/compare/result.go:328.3,328.40 1 2
github.com/bobguo/mysql-compare/compare/result.go:324.34,327.4 1 1
github.com/bobguo/mysql-compare/compare/result.go:328.40,331.4 1 1
github.com/bobguo/mysql-compare/compare/result.go:333.21,335.3 1 2
github.com/bobguo/mysql-compare/compare/result.go:336.92,337.34 1 2
github.com/bobguo/mysql-compare/compare/result.go:341.3,341.40 1 2
github.com/bobguo/mysql-compare/compare/result.go:337.34,340.4 1 1
github.com/bobguo/mysql-compare/compare/result.go:341.40,344.4 1 1
github.com/bobguo/mysql-compare/compare/result.go:346.21,348.3 1 2
github.com/bobguo/mysql-compare/compare/result.go:352.67,355.29 2 4
github.com/bobguo/mysql-compare/compare/result.go:365.2,365.17 1 3
github.com/bobguo/mysql-compare/compare/result.go:355.29,359.17 4 3
github.com/bobguo/mysql-compare/compare/result.go:362.3,363.26 2 2
github.com/bobguo/mysql-compare/compare/result.go:359.17,361.4 1 1
github.com/bobguo/mysql-compare/compare/result.go:368.67,371.29 2 4
github.com/bobguo/mysql-compare/compare/result.go:381.2,381.17 1 3
github.com/bobguo/mysql-compare/compare/result.go:371.29,375.17 4 7
github.com/bobguo/mysql-compare/compare/result.go:378.3,379.26 2 6
github.com/bobguo/mysql-compare/compare/result.go:375.17,377.4 1 1
github.com/bobguo/mysql-compare/compare/result.go:384.64,385.19 1 3
github.com/bobguo/mysql-compare/compare/result.go:392.2,392.12 1 2
github.com/bobguo/mysql-compare/compare/result.go:385.19,387.10 2 3
github.com/bobguo/mysql-compare/compare/result.go:387.10,390.4 2 1
github.com/bobguo/mysql-compare/compare/result.go:395.57,398.16 2 4
github.com/bobguo/mysql-compare/compare/result.go:402.2,404.16 3 3
github.com/bobguo/mysql-compare/compare/result.go:408.2,411.16 3 2
github.com/bobguo/mysql-compare/compare/result.go:416.2,416.18 1 1
github.com/bobguo/mysql-compare/compare/result.go:398.16,401.3 2 1
github.com/bobguo/mysql-compare/compare/result.go:404.16,407.3 2 1
github.com/bobguo/mysql-compare/compare/result.go:411.16,414.3 2 1
github.com/bobguo/mysql-compare/compare/result.go:419.63,421.14 2 2
github.com/bobguo/mysql-compare/compare/result.go:425.2,425.14 1 1
github.com/bobguo/mysql-compare/compare/result.go:421.14,424.3 2 1
github.com/bobguo/mysql-compare/compare/result.go:428.83,430.14 2 3
github.com/bobguo/mysql-compare/compare/result.go:433.2,433.21 1 3
github.com/bobguo/mysql-compare/compare/result.go:436.2,437.13 2 2
github.com/bobguo/mysql-compare/compare/result.go:440.2,440.8 1 2
github.com/bobguo/mysql-compare/compare/result.go:430.14,432.3 1 3
github.com/bobguo/mysql-compare/compare/result.go:433.21,435.3 1 1
github.com/bobguo/mysql-compare/compare/result.go:437.13,439.3 1 1
github.com/bobguo/mysql-compare/compare/result.go:444.87,453.14 6 0
github.com/bobguo/mysql-compare/compare/result.go:457.2,463.6 4 0
github.com/bobguo/mysql-compare/compare/result.go:493.2,495.8 3 0
github.com/bobguo/mysql-compare/compare/result.go:453.14,456.3 2 0
github.com/bobguo/mysql-compare/compare/result.go:463.6,466.34 3 0
github.com/bobguo/mysql-compare/compare/result.go:471.3,471.20 1 0
github.com/bobguo/mysql-compare/compare/result.go:475.3,476.17 2 0
github.com/bobguo/mysql-compare/compare/result.go:482.3,483.33 2 0
github.com/bobguo/mysql-compare/compare/result.go:466.34,470.4 3 0
github.com/bobguo/mysql-compare/compare/result.go:471.20,472.9 1 0
github.com/bobguo/mysql-compare/compare/result.go:476.17,480.4 3 0
github.com/bobguo/mysql-compare/compare/result.go:483.33,485.18 2 0
github.com/bobguo/mysql-compare/compare/result.go:485.18,487.5 1 0
github.com/bobguo/mysql-compare/compare/result.go:487.10,489.5 1 0
